proguard/seeds.txt
com.example.smac.About
com.example.smac.About: About()
com.example.smac.Accepting_Information
com.example.smac.Accepting_Information: Accepting_Information()
com.example.smac.Alarm
com.example.smac.Alarm: Alarm()
com.example.smac.Alarm_setup
com.example.smac.Alarm_setup: Alarm_setup()
com.example.smac.Destination_map
com.example.smac.Destination_map: Destination_map()
com.example.smac.Alarm_setup
com.example.smac.Alarm_setup: Alarm_setup()
com.example.smac.Main
com.example.smac.Main: Main()
com.example.smac.R$anim: int abc_fade_in
com.example.smac.R$anim: int abc_fade_out
com.example.smac.R$anim: int abc_grow_fade_in_from_bottom
com.example.smac.R$anim: int abc_popup_enter
com.example.smac.R$anim: int abc_popup_exit
com.example.smac.R$anim: int abc_shrink_fade_out_from_bottom
com.example.smac.R$anim: int abc_slide_in_bottom
com.example.smac.R$anim: int abc_slide_in_top
com.example.smac.R$anim: int abc_slide_out_bottom
com.example.smac.R$anim: int abc_slide_out_top
com.example.smac.R$attr: int actionBarDivider
com.example.smac.R$attr: int actionBarItemBackground
com.example.smac.R$attr: int actionBarPopupTheme
com.example.smac.R$attr: int actionBarSize
com.example.smac.R$attr: int actionBarSplitStyle
com.example.smac.R$attr: int actionBarStyle
com.example.smac.R$attr: int actionBarTabBarStyle
com.example.smac.R$attr: int actionBarTabStyle
com.example.smac.R$attr: int actionBarTabTextStyle
com.example.smac.R$attr: int actionBarTheme
com.example.smac.R$attr: int actionBarWidgetTheme
com.example.smac.R$attr: int actionButtonStyle
com.example.smac.R$attr: int actionDropDownStyle
com.example.smac.R$attr: int actionLayout
com.example.smac.R$attr: int actionMenuTextAppearance
com.example.smac.R$attr: int actionMenuTextColor
com.example.smac.R$attr: int actionModeBackground
com.example.smac.R$attr: int actionModeCloseButtonStyle
com.example.smac.R$attr: int actionModeCloseDrawable
com.example.smac.R$attr: int actionModeCopyDrawable
com.example.smac.R$attr: int actionModeCutDrawable
com.example.smac.R$attr: int actionModeFindDrawable
com.example.smac.R$attr: int actionModePasteDrawable
com.example.smac.R$attr: int actionModePopupWindowStyle
com.example.smac.R$attr: int actionModeSelectAllDrawable
com.example.smac.R$attr: int actionModeShareDrawable
com.example.smac.R$attr: int actionModeSplitBackground
com.example.smac.R$attr: int actionModeStyle
com.example.smac.R$attr: int actionModeWebSearchDrawable
com.example.smac.R$attr: int adSize
com.example.smac.R$attr: int adSizes
com.example.smac.R$attr: int adUnitId
com.example.smac.R$attr: int alertDialogButtonGroupStyle
com.example.smac.R$attr: int alertDialogCenterButtons
com.example.smac.R$attr: int alertDialogStyle
com.example.smac.R$attr: int alertDialogTheme
com.example.smac.R$attr: int ambientEnabled
com.example.smac.R$attr: int appTheme
com.example.smac.R$attr: int arrowHeadLength
com.example.smac.R$attr: int arrowShaftLength
com.example.smac.R$attr: int autoCompleteTextViewStyle
com.example.smac.R$attr: int background
com.example.smac.R$attr: int backgroundSplit
com.example.smac.R$attr: int backgroundStacked
com.example.smac.R$attr: int backgroundTint
com.example.smac.R$attr: int backgroundTintMode
com.example.smac.R$attr: int barLength
com.example.smac.R$attr: int borderlessButtonStyle
com.example.smac.R$attr: int buttonBarButtonStyle
com.example.smac.R$attr: int buttonBarNegativeButtonStyle
com.example.smac.R$attr: int buttonBarNeutralButtonStyle
com.example.smac.R$attr: int buttonBarPositiveButtonStyle
com.example.smac.R$attr: int buttonBarStyle
com.example.smac.R$attr: int buttonPanelSideLayout
com.example.smac.R$attr: int buttonStyle
com.example.smac.R$attr: int buttonStyleSmall
com.example.smac.R$attr: int buttonTint
com.example.smac.R$attr: int buttonTintMode
...
=======
>>>>>>> 0e8f92ca2c4cd9284611d02859692fd1a5b203cb
<<<<<<< HEAD
=======
>>>>>>> 0e8f92ca2c4cd9284611d02859692fd1a5b203cb
<<<<<<< HEAD
=======
>>>>>>> 0e8f92ca2c4cd9284611d02859692fd1a5b203cb
<<<<<<< HEAD
=======
>>>>>>> 0e8f92ca2c4cd9284611d02859692fd1a5b203cb
<<<<<<< HEAD
=======
>>>>>>> 0e8f92ca2c4cd9284611d02859692fd1a5b203cb
<<<<<<< HEAD
=======
>>>>>>> 0e8f92ca2c4cd9284611d02859692fd1a5b203cb
<<<<<<< HEAD
=======
>>>>>>> 0e8f92ca2c4cd9284611d02859692fd1a5b203cb
<<<<<<< HEAD
=======
>>>>>>> 0e8f92ca2c4cd9284611d02859692fd1a5b203cb
<<<<<<< HEAD
=======
>>>>>>> 0e8f92ca2c4cd9284611d02859692fd1a5b203cb
<<<<<<< HEAD
=======
>>>>>>> 0e8f92ca2c4cd9284611d02859692fd1a5b203cb
<<<<<<< HEAD
=======
>>>>>>> 0e8f92ca2c4cd9284611d02859692fd1a5b203cb
<<<<<<< HEAD
=======
>>>>>>> 0e8f92ca2c4cd9284611d02859692fd1a5b203cb
<<<<<<< HEAD
=======
>>>>>>> 0e8f92ca2c4cd9284611d02859692fd1a5b203cb
<<<<<<< HEAD
=======
>>>>>>> 0e8f92ca2c4cd9284611d02859692fd1a5b203cb
<<<<<<< HEAD
=======
>>>>>>> 0e8f92ca2c4cd9284611d02859692fd1a5b203cb
<<<<<<< HEAD
=======
>>>>>>> 0e8f92ca2c4cd9284611d02859692fd1a5b203cb
<<<<<<< HEAD
=======
>>>>>>> 0e8f92ca2c4cd9284611d02859692fd1a5b203cb
<<<<<<< HEAD
com.google.ads.AdRequest$ErrorCode: com.google.ads.AdRequest$ErrorCode[] values()
com.google.ads.AdRequest$ErrorCode: com.google.ads.AdRequest$ErrorCode valueOf(java.lang.String)
com.google.ads.AdRequest$Gender: com.google.ads.AdRequest$Gender[] values()
com.google.ads.AdRequest$Gender: com.google.ads.AdRequest$Gender valueOf(java.lang.String)
com.google.android.gms.R$attr: int adSize
com.google.android.gms.R$attr: int adSizes
com.google.android.gms.R$attr: int adUnitId
com.google.android.gms.R$attr: int ambientEnabled
com.google.android.gms.R$attr: int appTheme
com.google.android.gms.R$attr: int buyButtonAppearance
com.google.android.gms.R$attr: int buyButtonHeight
com.google.android.gms.R$attr: int buyButtonText
com.google.android.gms.R$attr: int buyButtonWidth
com.google.android.gms.R$attr: int cameraBearing
com.google.android.gms.R$attr: int cameraTargetLat
com.google.android.gms.R$attr: int cameraTargetLng
com.google.android.gms.R$attr: int cameraTilt
com.google.android.gms.R$attr: int cameraZoom
com.google.android.gms.R$attr: int circleCrop
com.google.android.gms.R$attr: int environment
com.google.android.gms.R$attr: int fragmentMode
com.google.android.gms.R$attr: int fragmentStyle
com.google.android.gms.R$attr: int imageAspectRatio
com.google.android.gms.R$attr: int imageAspectRatioAdjust
com.google.android.gms.R$attr: int liteMode
com.google.android.gms.R$attr: int mapType
com.google.android.gms.R$attr: int maskedWalletDetailsBackground
com.google.android.gms.R$attr: int maskedWalletDetailsButtonBackground
com.google.android.gms.R$attr: int maskedWalletDetailsButtonTextAppearance
com.google.android.gms.R$attr: int maskedWalletDetailsHeaderTextAppearance
com.google.android.gms.R$attr: int maskedWalletDetailsLogoImageType
com.google.android.gms.R$attr: int maskedWalletDetailsLogoTextColor