proguard/mapping.txt
com.example.smac.About -> com.example.smac.About:
    void onCreate(android.os.Bundle) -> onCreate
com.example.smac.Accepting_Information -> com.example.smac.Accepting_Information:
com.example.smac.Accepting_Information$1 -> com.example.smac.a:
    com.example.smac.Accepting_Information this$0 -> a
    android.widget.TextView val$view_for_wake_up_day -> b
    android.widget.TextView val$view_for_hour -> c
    android.widget.TextView val$view_for_minute -> d
    void onClick(android.view.View) -> onClick
com.example.smac.Alarm -> com.example.smac.Alarm:
    void onReceive(android.content.Context,android.content.Intent) -> onReceive
com.example.smac.Alarm_setup -> com.example.smac.Alarm_setup:
    java.lang.String string_for_putting_extra_data_about_vibration_into_Accept -> a
    java.lang.String SDCARD_DIRECTORY -> b
    java.lang.String REPORTS_DIRECTORY -> c
    void onCreate(android.os.Bundle) -> onCreate
com.example.smac.Alarm_setup$1 -> com.example.smac.b:
    com.example.smac.Alarm_setup this$0 -> a
    void onClick(android.view.View) -> onClick
com.example.smac.Alarm_setup$2 -> com.example.smac.c:
    com.example.smac.Alarm_setup this$0 -> a
    void onClick(android.view.View) -> onClick
com.example.smac.Alarm_setup$3 -> com.example.smac.d:
    boolean variable_for_saving_toggle_button_status -> a
    com.example.smac.Alarm_setup this$0 -> b
    android.widget.ToggleButton val$toggle_button_for_vibration -> c
    void onCheckedChanged(android.widget.CompoundButton,boolean) -> onCheckedChanged
com.example.smac.Alarm_setup$4 -> com.example.smac.e:
    com.example.smac.Alarm_setup this$0 -> a
    android.widget.EditText val$edit_for_extra_time -> b
    android.widget.EditText val$edit_for_extra_waking_hour -> c
    android.widget.EditText val$edit_for_extra_waking_minute -> d
    android.widget.EditText val$edit_for_extra_waking_day -> e
    android.widget.EditText val$edit_for_alarm_name -> f
    void onClick(android.view.View) -> onClick
com.example.smac.Destination_map -> com.example.smac.Destination_map:
    com.google.android.gms.maps.GoogleMap m_googleMap -> a
    com.google.android.gms.maps.StreetViewPanorama m_StreetView -> b
    void onCreate(android.os.Bundle) -> onCreate
    void createStreetView() -> a
    void createMapView() -> b
    boolean onCreateOptionsMenu(android.view.Menu) -> onCreateOptionsMenu
    boolean onOptionsItemSelected(android.view.MenuItem) -> onOptionsItemSelected
com.example.smac.Destination_map$1 -> com.example.smac.f:
    com.example.smac.Destination_map this$0 -> a
    void onMapClick(com.google.android.gms.maps.model.LatLng) -> a
com.example.smac.Alarm_setup$1 -> com.example.smac.a:
    com.example.smac.Alarm_setup this$0 -> a
    void onClick(android.view.View) -> onClick
com.example.smac.Alarm_setup$2 -> com.example.smac.b:
    boolean variable_for_saving_toggle_button_status -> a
    com.example.smac.Alarm_setup this$0 -> b
    void onCheckedChanged(android.widget.CompoundButton,boolean) -> onCheckedChanged
com.example.smac.Alarm_setup$3 -> com.example.smac.c:
    com.example.smac.Alarm_setup this$0 -> a
    android.widget.EditText val$edit_for_time_when_user_needs_to_be_in_place -> b
    android.widget.EditText val$edit_for_extra_waking_time -> c
    android.widget.EditText val$edit_for_alarm_name -> d
    void onClick(android.view.View) -> onClick
com.example.smac.Main -> com.example.smac.Main:
    void onCreate(android.os.Bundle) -> onCreate
    boolean onCreateOptionsMenu(android.view.Menu) -> onCreateOptionsMenu
    boolean onOptionsItemSelected(android.view.MenuItem) -> onOptionsItemSelected
    android.view.View onCreateView(android.view.View,java.lang.String,android.content.Context,android.util.AttributeSet) -> onCreateView
    android.view.View onCreateView(java.lang.String,android.content.Context,android.util.AttributeSet) -> onCreateView
com.example.smac.Main$1 -> com.example.smac.g:
    com.example.smac.Main this$0 -> a
    void onClick(android.view.View) -> onClick
...
android.support.v4.view.ViewCompatKitKat -> android.support.v4.h.bf:
    boolean isLaidOut(android.view.View) -> a
    boolean isAttachedToWindow(android.view.View) -> b
android.support.v4.view.ViewCompatLollipop -> android.support.v4.h.bg:
    void requestApplyInsets(android.view.View) -> a
    void setElevation(android.view.View,float) -> a
    void setOnApplyWindowInsetsListener(android.view.View,android.support.v4.view.OnApplyWindowInsetsListener) -> a
    void setBackgroundTintList(android.view.View,android.content.res.ColorStateList) -> a
    void setBackgroundTintMode(android.view.View,android.graphics.PorterDuff$Mode) -> a
    android.support.v4.view.WindowInsetsCompat onApplyWindowInsets(android.view.View,android.support.v4.view.WindowInsetsCompat) -> a
android.support.v4.view.ViewCompatLollipop$1 -> android.support.v4.h.bh:
    android.support.v4.view.OnApplyWindowInsetsListener val$listener -> a
    android.view.WindowInsets onApplyWindowInsets(android.view.View,android.view.WindowInsets) -> onApplyWindowInsets
android.support.v4.view.ViewConfigurationCompat -> android.support.v4.h.bi:
    android.support.v4.view.ViewConfigurationCompat$ViewConfigurationVersionImpl IMPL -> a
    boolean hasPermanentMenuKey(android.view.ViewConfiguration) -> a
android.support.v4.view.ViewConfigurationCompat$BaseViewConfigurationVersionImpl -> android.support.v4.h.bj:
    boolean hasPermanentMenuKey(android.view.ViewConfiguration) -> a
android.support.v4.view.ViewConfigurationCompat$FroyoViewConfigurationVersionImpl -> android.support.v4.h.bk:
android.support.v4.view.ViewConfigurationCompat$HoneycombViewConfigurationVersionImpl -> android.support.v4.h.bl:
    boolean hasPermanentMenuKey(android.view.ViewConfiguration) -> a
android.support.v4.view.ViewConfigurationCompat$IcsViewConfigurationVersionImpl -> android.support.v4.h.bm:
    boolean hasPermanentMenuKey(android.view.ViewConfiguration) -> a
android.support.v4.view.ViewConfigurationCompat$ViewConfigurationVersionImpl -> android.support.v4.h.bn:
    boolean hasPermanentMenuKey(android.view.ViewConfiguration) -> a
android.support.v4.view.ViewConfigurationCompatICS -> android.support.v4.h.bo:
    boolean hasPermanentMenuKey(android.view.ViewConfiguration) -> a
android.support.v4.view.ViewPropertyAnimatorCompat -> android.support.v4.h.bp:
    java.lang.ref.WeakReference mView -> b
    java.lang.Runnable mStartAction -> c
    java.lang.Runnable mEndAction -> d
    int mOldLayerType -> e
    android.support.v4.view.ViewPropertyAnimatorCompat$ViewPropertyAnimatorCompatImpl IMPL -> a
    android.support.v4.view.ViewPropertyAnimatorCompat setDuration(long) -> a
    android.support.v4.view.ViewPropertyAnimatorCompat alpha(float) -> a
    android.support.v4.view.ViewPropertyAnimatorCompat translationY(float) -> b
    long getDuration() -> a
    android.support.v4.view.ViewPropertyAnimatorCompat setInterpolator(android.view.animation.Interpolator) -> a
    android.support.v4.view.ViewPropertyAnimatorCompat setStartDelay(long) -> b
    void cancel() -> b
    void start() -> c
    android.support.v4.view.ViewPropertyAnimatorCompat setListener(android.support.v4.view.ViewPropertyAnimatorListener) -> a
    android.support.v4.view.ViewPropertyAnimatorCompat setUpdateListener(android.support.v4.view.ViewPropertyAnimatorUpdateListener) -> a
    java.lang.Runnable access$100(android.support.v4.view.ViewPropertyAnimatorCompat) -> a
    java.lang.Runnable access$000(android.support.v4.view.ViewPropertyAnimatorCompat) -> b
    int access$402(android.support.v4.view.ViewPropertyAnimatorCompat,int) -> a
    int access$400(android.support.v4.view.ViewPropertyAnimatorCompat) -> c
android.support.v4.view.ViewPropertyAnimatorCompat$1 -> android.support.v4.h.bq: