proguard/usage.txt
com.example.smac.BuildConfig
com.example.smac.Destination_map:
    97:104:private void addMarker()
com.example.smac.R
com.example.smac.R$anim
com.example.smac.R$attr
com.example.smac.R$bool
com.example.smac.R$color
com.example.smac.R$dimen
com.example.smac.R$drawable
com.example.smac.R$id
com.example.smac.R$integer
com.example.smac.R$layout
com.example.smac.R$menu
com.example.smac.R$raw
com.example.smac.R$string
com.example.smac.R$style
com.example.smac.R$styleable
com.example.smac.R$string
com.example.smac.R$style
com.example.smac.R$styleable
...
com.google.android.gms.cast.Cast
com.google.android.gms.cast.Cast$1
com.google.android.gms.cast.Cast$ApplicationConnectionResult
com.google.android.gms.cast.Cast$CastApi
com.google.android.gms.cast.Cast$CastApi$zza
com.google.android.gms.cast.Cast$CastApi$zza$1
com.google.android.gms.cast.Cast$CastApi$zza$2
com.google.android.gms.cast.Cast$CastApi$zza$3
com.google.android.gms.cast.Cast$CastApi$zza$4
com.google.android.gms.cast.Cast$CastApi$zza$5
com.google.android.gms.cast.Cast$CastApi$zza$6
com.google.android.gms.cast.Cast$CastApi$zza$7
com.google.android.gms.cast.Cast$CastOptions
com.google.android.gms.cast.Cast$CastOptions$Builder
com.google.android.gms.cast.Cast$Listener
com.google.android.gms.cast.Cast$MessageReceivedCallback
com.google.android.gms.cast.Cast$zza
com.google.android.gms.cast.Cast$zza$1
com.google.android.gms.cast.CastDevice
com.google.android.gms.cast.CastMediaControlIntent
com.google.android.gms.cast.CastPresentation
com.google.android.gms.cast.CastRemoteDisplay
com.google.android.gms.cast.CastRemoteDisplay$1
com.google.android.gms.cast.CastRemoteDisplay$CastRemoteDisplayOptions
com.google.android.gms.cast.CastRemoteDisplay$CastRemoteDisplayOptions$Builder
com.google.android.gms.cast.CastRemoteDisplay$CastRemoteDisplaySessionCallbacks
com.google.android.gms.cast.CastRemoteDisplay$CastRemoteDisplaySessionResult
com.google.android.gms.cast.CastRemoteDisplayApi
com.google.android.gms.cast.CastRemoteDisplayLocalService
com.google.android.gms.cast.CastRemoteDisplayLocalService$1
com.google.android.gms.cast.CastRemoteDisplayLocalService$2
com.google.android.gms.cast.CastRemoteDisplayLocalService$3
com.google.android.gms.cast.CastRemoteDisplayLocalService$3$1
com.google.android.gms.cast.CastRemoteDisplayLocalService$4
com.google.android.gms.cast.CastRemoteDisplayLocalService$5
com.google.android.gms.cast.CastRemoteDisplayLocalService$6
com.google.android.gms.cast.CastRemoteDisplayLocalService$7
com.google.android.gms.cast.CastRemoteDisplayLocalService$Callbacks
com.google.android.gms.cast.CastRemoteDisplayLocalService$NotificationSettings
com.google.android.gms.cast.CastRemoteDisplayLocalService$NotificationSettings$Builder
com.google.android.gms.cast.CastRemoteDisplayLocalService$zza
com.google.android.gms.cast.CastRemoteDisplayLocalService$zzb
com.google.android.gms.cast.CastStatusCodes
com.google.android.gms.cast.JoinOptions
com.google.android.gms.cast.LaunchOptions
com.google.android.gms.cast.LaunchOptions$Builder
com.google.android.gms.cast.MediaInfo
com.google.android.gms.cast.MediaInfo$Builder
com.google.android.gms.cast.MediaMetadata
com.google.android.gms.cast.MediaMetadata$zza
com.google.android.gms.cast.MediaQueueItem
com.google.android.gms.cast.MediaQueueItem$1
com.google.android.gms.cast.MediaQueueItem$Builder
com.google.android.gms.cast.MediaStatus
com.google.android.gms.cast.MediaStatus$zza
com.google.android.gms.cast.MediaTrack
com.google.android.gms.cast.MediaTrack$Builder
com.google.android.gms.cast.RemoteMediaPlayer
com.google.android.gms.cast.RemoteMediaPlayer$1
com.google.android.gms.cast.RemoteMediaPlayer$10
com.google.android.gms.cast.RemoteMediaPlayer$11
com.google.android.gms.cast.RemoteMediaPlayer$12
com.google.android.gms.cast.RemoteMediaPlayer$13
com.google.android.gms.cast.RemoteMediaPlayer$14
com.google.android.gms.cast.RemoteMediaPlayer$15
com.google.android.gms.cast.RemoteMediaPlayer$16
com.google.android.gms.cast.RemoteMediaPlayer$17
com.google.android.gms.cast.RemoteMediaPlayer$18
com.google.android.gms.cast.RemoteMediaPlayer$19
com.google.android.gms.cast.RemoteMediaPlayer$2
com.google.android.gms.cast.RemoteMediaPlayer$20
com.google.android.gms.cast.RemoteMediaPlayer$21
com.google.android.gms.cast.RemoteMediaPlayer$22
com.google.android.gms.cast.RemoteMediaPlayer$23
com.google.android.gms.cast.RemoteMediaPlayer$3
com.google.android.gms.cast.RemoteMediaPlayer$4
com.google.android.gms.cast.RemoteMediaPlayer$5
com.google.android.gms.cast.RemoteMediaPlayer$6